<?xml version="1.0"?>
<testsuite name="Chrome 55.0.2883 (Windows 8.1 0.0.0)" package="models" timestamp="2017-01-14T21:57:24" id="0" hostname="ABBES-PC" tests="10" errors="0" failures="0" time="0.681">
  <properties>
    <property name="browser.fullName" value="Mozilla/5.0 (Windows NT 6.3; WOW64) AppleWebKit/537.36 (KHTML, like Gecko) Chrome/55.0.2883.87 Safari/537.36"/>
  </properties>
  <testcase name="About should log ngOnInit" time="0.098" classname="Chrome_55_0_2883_(Windows_8_1_0_0_0).models.About"/>
  <testcase name="App should be readly initialized" time="0.166" classname="Chrome_55_0_2883_(Windows_8_1_0_0_0).models.App"/>
  <testcase name="App should be @AngularClass" time="0.07" classname="Chrome_55_0_2883_(Windows_8_1_0_0_0).models.App"/>
  <testcase name="App should log ngOnInit" time="0.086" classname="Chrome_55_0_2883_(Windows_8_1_0_0_0).models.App"/>
  <testcase name="Home should have default data" time="0.069" classname="Chrome_55_0_2883_(Windows_8_1_0_0_0).models.Home"/>
  <testcase name="Home should have a title" time="0.072" classname="Chrome_55_0_2883_(Windows_8_1_0_0_0).models.Home"/>
  <testcase name="Home should log ngOnInit" time="0.051" classname="Chrome_55_0_2883_(Windows_8_1_0_0_0).models.Home"/>
  <testcase name="Title should have http" time="0.024" classname="Chrome_55_0_2883_(Windows_8_1_0_0_0).models.Title"/>
  <testcase name="Title should get data from the server" time="0.019" classname="Chrome_55_0_2883_(Windows_8_1_0_0_0).models.Title"/>
  <testcase name="x-large directive should sent font-size to x-large" time="0.026" classname="Chrome_55_0_2883_(Windows_8_1_0_0_0).models.x-large directive"/>
  <system-out>
    <![CDATA[
]]>
  </system-out>
  <system-err/>
</testsuite>